  Camera.cpp
  D3DApp.cpp
  FrameResource.cpp
  d3dUtil.cpp
  BlurFilter.cpp
  InverseFilter.cpp
  MultiplyFilter.cpp
  SobelFilter.cpp
  Box.cpp
  BoxPx.cpp
  Cylinder.cpp
  Globe.cpp
  Grid.cpp
  Hill.cpp
  Skull.cpp
  Sky.cpp
  Sphere.cpp
  Wave.cpp
  WirefenceBox.cpp
  D3D12App.cpp
F:\PhysX4.1-learn\d3d12-physx\d3d12-physx\Main\D3D12App.cpp(77,24): warning C4244:  “=”: 从“double”转换到“float”，可能丢失数据
  正在生成代码...
  正在编译...
  TheMain.cpp
  GameObject.cpp
  GameObjectManager.cpp
  InputManager.cpp
  Instance.cpp
  InstanceManager.cpp
  MaterialManager.cpp
  MeshManager.cpp
  TextureManager.cpp
  CubeMap.cpp
  DepthComplexityUseBlend.cpp
  DepthComplexityUseStencil.cpp
  DrawQuad.cpp
  MainRender.cpp
  RenderTarget.cpp
  ShaderResource.cpp
  ShadowMap.cpp
  Ssao.cpp
  Wireframe.cpp
  正在生成代码...
F:\PhysX4.1-learn\d3d12-physx\d3d12-physx\Main\D3D12App.cpp(79,19): warning C4244:  “=”: 从“double”转换到“float”，可能丢失数据
  d3d12-physx.vcxproj -> F:\PhysX4.1-learn\d3d12-physx\d3d12-physx\..\bin\debug\d3d12-physx.exe
